[2023-10-12 14:27:18] production.ERROR: There are no commands defined in the "clear" namespace. {"exception":"[object] (Symfony\\Component\\Console\\Exception\\NamespaceNotFoundException(code: 0): There are no commands defined in the \"clear\" namespace. at D:\\xampp\\htdocs\\misrea\\findhouse.2.1.0\\findhouse.2.1.0\\vendor\\symfony\\console\\Application.php:624)
[stacktrace]
#0 D:\\xampp\\htdocs\\misrea\\findhouse.2.1.0\\findhouse.2.1.0\\vendor\\symfony\\console\\Application.php(675): Symfony\\Component\\Console\\Application->findNamespace('clear')
#1 D:\\xampp\\htdocs\\misrea\\findhouse.2.1.0\\findhouse.2.1.0\\vendor\\symfony\\console\\Application.php(259): Symfony\\Component\\Console\\Application->find('clear:cash')
#2 D:\\xampp\\htdocs\\misrea\\findhouse.2.1.0\\findhouse.2.1.0\\vendor\\symfony\\console\\Application.php(171): Symfony\\Component\\Console\\Application->doRun(Object(Symfony\\Component\\Console\\Input\\ArgvInput), Object(Symfony\\Component\\Console\\Output\\ConsoleOutput))
#3 D:\\xampp\\htdocs\\misrea\\findhouse.2.1.0\\findhouse.2.1.0\\vendor\\laravel\\framework\\src\\Illuminate\\Console\\Application.php(102): Symfony\\Component\\Console\\Application->run(Object(Symfony\\Component\\Console\\Input\\ArgvInput), Object(Symfony\\Component\\Console\\Output\\ConsoleOutput))
#4 D:\\xampp\\htdocs\\misrea\\findhouse.2.1.0\\findhouse.2.1.0\\vendor\\laravel\\framework\\src\\Illuminate\\Foundation\\Console\\Kernel.php(155): Illuminate\\Console\\Application->run(Object(Symfony\\Component\\Console\\Input\\ArgvInput), Object(Symfony\\Component\\Console\\Output\\ConsoleOutput))
#5 D:\\xampp\\htdocs\\misrea\\findhouse.2.1.0\\findhouse.2.1.0\\artisan(38): Illuminate\\Foundation\\Console\\Kernel->handle(Object(Symfony\\Component\\Console\\Input\\ArgvInput), Object(Symfony\\Component\\Console\\Output\\ConsoleOutput))
#6 {main}
"} 
[2023-10-12 14:27:27] production.ERROR: There are no commands defined in the "clear" namespace. {"exception":"[object] (Symfony\\Component\\Console\\Exception\\NamespaceNotFoundException(code: 0): There are no commands defined in the \"clear\" namespace. at D:\\xampp\\htdocs\\misrea\\findhouse.2.1.0\\findhouse.2.1.0\\vendor\\symfony\\console\\Application.php:624)
[stacktrace]
#0 D:\\xampp\\htdocs\\misrea\\findhouse.2.1.0\\findhouse.2.1.0\\vendor\\symfony\\console\\Application.php(675): Symfony\\Component\\Console\\Application->findNamespace('clear')
#1 D:\\xampp\\htdocs\\misrea\\findhouse.2.1.0\\findhouse.2.1.0\\vendor\\symfony\\console\\Application.php(259): Symfony\\Component\\Console\\Application->find('clear:cashe')
#2 D:\\xampp\\htdocs\\misrea\\findhouse.2.1.0\\findhouse.2.1.0\\vendor\\symfony\\console\\Application.php(171): Symfony\\Component\\Console\\Application->doRun(Object(Symfony\\Component\\Console\\Input\\ArgvInput), Object(Symfony\\Component\\Console\\Output\\ConsoleOutput))
#3 D:\\xampp\\htdocs\\misrea\\findhouse.2.1.0\\findhouse.2.1.0\\vendor\\laravel\\framework\\src\\Illuminate\\Console\\Application.php(102): Symfony\\Component\\Console\\Application->run(Object(Symfony\\Component\\Console\\Input\\ArgvInput), Object(Symfony\\Component\\Console\\Output\\ConsoleOutput))
#4 D:\\xampp\\htdocs\\misrea\\findhouse.2.1.0\\findhouse.2.1.0\\vendor\\laravel\\framework\\src\\Illuminate\\Foundation\\Console\\Kernel.php(155): Illuminate\\Console\\Application->run(Object(Symfony\\Component\\Console\\Input\\ArgvInput), Object(Symfony\\Component\\Console\\Output\\ConsoleOutput))
#5 D:\\xampp\\htdocs\\misrea\\findhouse.2.1.0\\findhouse.2.1.0\\artisan(38): Illuminate\\Foundation\\Console\\Kernel->handle(Object(Symfony\\Component\\Console\\Input\\ArgvInput), Object(Symfony\\Component\\Console\\Output\\ConsoleOutput))
#6 {main}
"} 
